<?xml version="1.0" encoding="UTF-8"?>
<!-- Generated by org.testng.reporters.JUnitReportReporter -->
<testsuite hostname="NARESH" failures="0" tests="1" name="bluestoneapp.Bluestone_screenshot" time="53.161" errors="0" timestamp="20 Aug 2019 05:39:53 GMT" skipped="0">
  <testcase classname="bluestoneapp.Bluestone_screenshot" name="run" time="53.161"/>
</testsuite> <!-- bluestoneapp.Bluestone_screenshot -->
