<?xml version="1.0" encoding="UTF-8"?>
<!-- Generated by org.testng.reporters.JUnitReportReporter -->
<testsuite hostname="NARESH" failures="0" tests="1" name="redbus.Busbooking" time="44.132" errors="0" timestamp="22 Aug 2019 04:04:47 GMT" skipped="0">
  <testcase classname="redbus.Busbooking" name="book" time="44.132"/>
</testsuite> <!-- redbus.Busbooking -->
