<?xml version="1.0" encoding="UTF-8"?>
<!-- Generated by org.testng.reporters.JUnitReportReporter -->
<testsuite hostname="NARESH" failures="0" tests="1" name="bluestoneapp.Bluestone_screenshot" time="116.865" errors="0" timestamp="20 Aug 2019 10:07:14 GMT" skipped="0">
  <testcase classname="bluestoneapp.Bluestone_screenshot" name="run" time="116.865"/>
</testsuite> <!-- bluestoneapp.Bluestone_screenshot -->
