<?xml version="1.0" encoding="UTF-8"?>
<!-- Generated by org.testng.reporters.JUnitReportReporter -->
<testsuite hostname="NARESH" failures="0" tests="1" name="redbus.MultipleWindowsTabs" time="17.596" errors="0" timestamp="20 Aug 2019 11:24:20 GMT" skipped="0">
  <testcase classname="redbus.MultipleWindowsTabs" name="multiple" time="17.596"/>
</testsuite> <!-- redbus.MultipleWindowsTabs -->
